checking for a BSD-compatible install... /usr/bin/install -c
checking whether build environment is sane... yes
checking for a thread-safe mkdir -p... /bin/mkdir -p
checking for gawk... no
checking for mawk... mawk
checking whether make sets $(MAKE)... yes
checking for gcc... gcc
checking whether the C compiler works... yes
checking for C compiler default output file name... a.out
checking for suffix of executables... 
checking whether we are cross compiling... no
checking for suffix of object files... o
checking whether we are using the GNU C compiler... yes
checking whether gcc accepts -g... yes
checking for gcc option to accept ISO C89... none needed
checking for style of include used by make... GNU
checking dependency style of gcc... none
checking for g++... g++
checking whether we are using the GNU C++ compiler... yes
checking whether g++ accepts -g... yes
checking dependency style of g++... none
checking how to run the C preprocessor... gcc -E
checking for grep that handles long lines and -e... /bin/grep
checking for egrep... /bin/grep -E
checking whether gcc needs -traditional... no
checking whether make sets $(MAKE)... (cached) yes
checking build system type... i686-pc-linux-gnu
checking host system type... i686-pc-linux-gnu
checking how to print strings... printf
checking for a sed that does not truncate output... /bin/sed
checking for fgrep... /bin/grep -F
checking for ld used by gcc... /usr/bin/ld
checking if the linker (/usr/bin/ld) is GNU ld... yes
checking for BSD- or MS-compatible name lister (nm)... /usr/bin/nm -B
checking the name lister (/usr/bin/nm -B) interface... BSD nm
checking whether ln -s works... yes
checking the maximum length of command line arguments... 1572864
checking whether the shell understands some XSI constructs... yes
checking whether the shell understands "+="... yes
checking how to convert i686-pc-linux-gnu file names to i686-pc-linux-gnu format... func_convert_file_noop
checking how to convert i686-pc-linux-gnu file names to toolchain format... func_convert_file_noop
checking for /usr/bin/ld option to reload object files... -r
checking for objdump... objdump
checking how to recognize dependent libraries... pass_all
checking for dlltool... dlltool
checking how to associate runtime and link libraries... printf %s\n
checking for ar... ar
checking for archiver @FILE support... @
checking for strip... strip
checking for ranlib... ranlib
checking command to parse /usr/bin/nm -B output from gcc object... ok
checking for sysroot... no
checking for mt... mt
checking if mt is a manifest tool... no
checking for ANSI C header files... yes
checking for sys/types.h... yes
checking for sys/stat.h... yes
checking for stdlib.h... yes
checking for string.h... yes
checking for memory.h... yes
checking for strings.h... yes
checking for inttypes.h... yes
checking for stdint.h... yes
checking for unistd.h... yes
checking for dlfcn.h... yes
checking for objdir... .libs
checking if gcc supports -fno-rtti -fno-exceptions... no
checking for gcc option to produce PIC... -fPIC -DPIC
checking if gcc PIC flag -fPIC -DPIC works... yes
checking if gcc static flag -static works... yes
checking if gcc supports -c -o file.o... yes
checking if gcc supports -c -o file.o... (cached) yes
checking whether the gcc linker (/usr/bin/ld) supports shared libraries... yes
checking whether -lc should be explicitly linked in... no
checking dynamic linker characteristics... GNU/Linux ld.so
checking how to hardcode library paths into programs... immediate
checking whether stripping libraries is possible... yes
checking if libtool supports shared libraries... yes
checking whether to build shared libraries... yes
checking whether to build static libraries... yes
checking how to run the C++ preprocessor... g++ -E
checking for ld used by g++... /usr/bin/ld
checking if the linker (/usr/bin/ld) is GNU ld... yes
checking whether the g++ linker (/usr/bin/ld) supports shared libraries... yes
checking for g++ option to produce PIC... -fPIC -DPIC
checking if g++ PIC flag -fPIC -DPIC works... yes
checking if g++ static flag -static works... yes
checking if g++ supports -c -o file.o... yes
checking if g++ supports -c -o file.o... (cached) yes
checking whether the g++ linker (/usr/bin/ld) supports shared libraries... yes
checking dynamic linker characteristics... (cached) GNU/Linux ld.so
checking how to hardcode library paths into programs... immediate
checking for library containing strerror... none required
checking whether byte ordering is bigendian... no
checking for ld used by GCC... /usr/bin/ld
checking if the linker (/usr/bin/ld) is GNU ld... yes
checking for shared library run path origin... done
checking for iconv... yes
checking for working iconv... yes
checking how to link with libiconv... /usr/local/lib/libiconv.so -Wl,-rpath -Wl,/usr/local/lib
checking for iconv declaration... 
         extern size_t iconv (iconv_t cd, char * *inbuf, size_t *inbytesleft, char * *outbuf, size_t *outbytesleft);
checking for ANSI C header files... (cached) yes
checking for an ANSI C-conforming const... yes
checking whether byte ordering is bigendian... (cached) no
checking for string.h... (cached) yes
checking for stdlib.h... (cached) yes
checking for unistd.h... (cached) yes
checking fcntl.h usability... yes
checking fcntl.h presence... yes
checking for fcntl.h... yes
checking for stdint.h... (cached) yes
checking for sys/stat.h... (cached) yes
checking sys/mman.h usability... yes
checking sys/mman.h presence... yes
checking for sys/mman.h... yes
checking sys/times.h usability... yes
checking sys/times.h presence... yes
checking for sys/times.h... yes
checking for sys/types.h... (cached) yes
checking dirent.h usability... yes
checking dirent.h presence... yes
checking for dirent.h... yes
checking ctype.h usability... yes
checking ctype.h presence... yes
checking for ctype.h... yes
checking for sys/types.h... (cached) yes
checking io.h usability... no
checking io.h presence... no
checking for io.h... no
checking windows.h usability... no
checking windows.h presence... no
checking for windows.h... no
checking pthread.h usability... yes
checking pthread.h presence... yes
checking for pthread.h... yes
checking for off_t... yes
checking for size_t... yes
checking size of char... 1
checking size of short... 2
checking size of int... 4
checking size of long... 4
checking size of long long... 8
checking size of size_t... 4
checking for size_t... (cached) yes
checking for stdlib.h... (cached) yes
checking for unistd.h... (cached) yes
checking for sys/param.h... yes
checking for getpagesize... yes
checking for working mmap... yes
checking for main in -lstdc++... yes
checking for pthread_create in -lpthread... yes
checking for pthread_join in -lpthread... yes
checking for iconv_open in -liconv... yes
checking for library containing iconv... none required
checking for getenv... yes
checking for opendir... yes
checking whether make is GNU Make... yes
checking if g++ supports stl <vector> (required)... yes
checking if g++ supports stl <list> (required)... yes
checking if g++ supports stl <map> (required)... yes
checking if g++ supports stl <set> (required)... yes
checking if g++ supports stl <queue> (required)... yes
checking if g++ supports stl <functional> (required)... yes
checking if g++ supports stl <algorithm> (required)... yes
checking if g++ supports stl <string> (required)... yes
checking if g++ supports stl <iostream> (required)... yes
checking if g++ supports stl <sstream> (required)... yes
checking if g++ supports stl <fstream> (required)... yes
checking if g++ supports template <class T> (required)... yes
checking if g++ supports const_cast<> (required)... yes
checking if g++ supports static_cast<> (required)... yes
checking if g++ supports reinterpret_cast<> (required)... yes
checking if g++ supports namespaces (required) ... yes
checking if g++ supports __thread (optional)... yes
checking if g++ supports template <class T> (required)... yes
checking if g++ supports GCC native atomic operations (optional)... yes
checking if g++ supports OSX native atomic operations (optional)... no
checking if g++ environment provides all required features... yes
configure: creating ./config.status
config.status: creating Makefile
config.status: creating src/Makefile
config.status: creating src/Makefile.msvc
config.status: creating man/Makefile
config.status: creating doc/Makefile
config.status: creating tests/Makefile
config.status: creating swig/version.h
config.status: creating mecab.iss
config.status: creating mecab-config
config.status: creating mecabrc
config.status: creating config.h
config.status: config.h is unchanged
config.status: executing depfiles commands
config.status: executing libtool commands
config.status: executing default commands
