Making install in src
make[1]: ディレクトリ `/home/iwabuchiken/ws/ws_eclipse/Mecab_eclipse/src' に入ります
make[2]: ディレクトリ `/home/iwabuchiken/ws/ws_eclipse/Mecab_eclipse/src' に入ります
test -z "/usr/local/lib" || /bin/mkdir -p "/usr/local/lib"
 /bin/bash ../libtool   --mode=install /usr/bin/install -c   libmecab.la '/usr/local/lib'
libtool: install: /usr/bin/install -c .libs/libmecab.so.2.0.0 /usr/local/lib/libmecab.so.2.0.0
libtool: install: (cd /usr/local/lib && { ln -s -f libmecab.so.2.0.0 libmecab.so.2 || { rm -f libmecab.so.2 && ln -s libmecab.so.2.0.0 libmecab.so.2; }; })
libtool: install: (cd /usr/local/lib && { ln -s -f libmecab.so.2.0.0 libmecab.so || { rm -f libmecab.so && ln -s libmecab.so.2.0.0 libmecab.so; }; })
libtool: install: /usr/bin/install -c .libs/libmecab.lai /usr/local/lib/libmecab.la
libtool: install: /usr/bin/install -c .libs/libmecab.a /usr/local/lib/libmecab.a
libtool: install: chmod 644 /usr/local/lib/libmecab.a
libtool: install: ranlib /usr/local/lib/libmecab.a
libtool: finish: PATH="/usr/local/sbin:/usr/local/bin:/usr/sbin:/usr/bin:/sbin:/bin:/sbin" ldconfig -n /usr/local/lib
----------------------------------------------------------------------
Libraries have been installed in:
   /usr/local/lib

If you ever happen to want to link against installed libraries
in a given directory, LIBDIR, you must either use libtool, and
specify the full pathname of the library, or use the `-LLIBDIR'
flag during linking and do at least one of the following:
   - add LIBDIR to the `LD_LIBRARY_PATH' environment variable
     during execution
   - add LIBDIR to the `LD_RUN_PATH' environment variable
     during linking
   - use the `-Wl,-rpath -Wl,LIBDIR' linker flag
   - have your system administrator add LIBDIR to `/etc/ld.so.conf'

See any operating system documentation about shared libraries for
more information, such as the ld(1) and ld.so(8) manual pages.
----------------------------------------------------------------------
test -z "/usr/local/bin" || /bin/mkdir -p "/usr/local/bin"
  /bin/bash ../libtool   --mode=install /usr/bin/install -c mecab '/usr/local/bin'
libtool: install: /usr/bin/install -c .libs/mecab /usr/local/bin/mecab
test -z "/usr/local/libexec/mecab" || /bin/mkdir -p "/usr/local/libexec/mecab"
  /bin/bash ../libtool   --mode=install /usr/bin/install -c mecab-dict-index mecab-dict-gen mecab-cost-train mecab-system-eval mecab-test-gen '/usr/local/libexec/mecab'
libtool: install: /usr/bin/install -c .libs/mecab-dict-index /usr/local/libexec/mecab/mecab-dict-index
libtool: install: /usr/bin/install -c .libs/mecab-dict-gen /usr/local/libexec/mecab/mecab-dict-gen
libtool: install: /usr/bin/install -c .libs/mecab-cost-train /usr/local/libexec/mecab/mecab-cost-train
libtool: install: /usr/bin/install -c .libs/mecab-system-eval /usr/local/libexec/mecab/mecab-system-eval
libtool: install: /usr/bin/install -c .libs/mecab-test-gen /usr/local/libexec/mecab/mecab-test-gen
test -z "/usr/local/include" || /bin/mkdir -p "/usr/local/include"
 /usr/bin/install -c -m 644 mecab.h '/usr/local/include'
make[2]: ディレクトリ `/home/iwabuchiken/ws/ws_eclipse/Mecab_eclipse/src' から出ます
make[1]: ディレクトリ `/home/iwabuchiken/ws/ws_eclipse/Mecab_eclipse/src' から出ます
Making install in man
make[1]: ディレクトリ `/home/iwabuchiken/ws/ws_eclipse/Mecab_eclipse/man' に入ります
make[2]: ディレクトリ `/home/iwabuchiken/ws/ws_eclipse/Mecab_eclipse/man' に入ります
make[2]: `install-exec-am' に対して行うべき事はありません.
test -z "/usr/local/share/man/man1" || /bin/mkdir -p "/usr/local/share/man/man1"
 /usr/bin/install -c -m 644 mecab.1 '/usr/local/share/man/man1'
make[2]: ディレクトリ `/home/iwabuchiken/ws/ws_eclipse/Mecab_eclipse/man' から出ます
make[1]: ディレクトリ `/home/iwabuchiken/ws/ws_eclipse/Mecab_eclipse/man' から出ます
Making install in doc
make[1]: ディレクトリ `/home/iwabuchiken/ws/ws_eclipse/Mecab_eclipse/doc' に入ります
make[2]: ディレクトリ `/home/iwabuchiken/ws/ws_eclipse/Mecab_eclipse/doc' に入ります
make[2]: `install-exec-am' に対して行うべき事はありません.
make[2]: `install-data-am' に対して行うべき事はありません.
make[2]: ディレクトリ `/home/iwabuchiken/ws/ws_eclipse/Mecab_eclipse/doc' から出ます
make[1]: ディレクトリ `/home/iwabuchiken/ws/ws_eclipse/Mecab_eclipse/doc' から出ます
Making install in tests
make[1]: ディレクトリ `/home/iwabuchiken/ws/ws_eclipse/Mecab_eclipse/tests' に入ります
make[2]: ディレクトリ `/home/iwabuchiken/ws/ws_eclipse/Mecab_eclipse/tests' に入ります
make[2]: `install-exec-am' に対して行うべき事はありません.
make[2]: `install-data-am' に対して行うべき事はありません.
make[2]: ディレクトリ `/home/iwabuchiken/ws/ws_eclipse/Mecab_eclipse/tests' から出ます
make[1]: ディレクトリ `/home/iwabuchiken/ws/ws_eclipse/Mecab_eclipse/tests' から出ます
make[1]: ディレクトリ `/home/iwabuchiken/ws/ws_eclipse/Mecab_eclipse' に入ります
make[2]: ディレクトリ `/home/iwabuchiken/ws/ws_eclipse/Mecab_eclipse' に入ります
test -z "/usr/local/bin" || /bin/mkdir -p "/usr/local/bin"
 /usr/bin/install -c mecab-config '/usr/local/bin'
test -z "/usr/local/etc" || /bin/mkdir -p "/usr/local/etc"
 /usr/bin/install -c -m 644 mecabrc '/usr/local/etc'
make[2]: ディレクトリ `/home/iwabuchiken/ws/ws_eclipse/Mecab_eclipse' から出ます
make[1]: ディレクトリ `/home/iwabuchiken/ws/ws_eclipse/Mecab_eclipse' から出ます
