make  all-recursive
make[1]: ディレクトリ `/home/iwabuchiken/ws/ws_eclipse/Mecab_eclipse' に入ります
Making all in src
make[2]: ディレクトリ `/home/iwabuchiken/ws/ws_eclipse/Mecab_eclipse/src' に入ります
g++ -DHAVE_CONFIG_H -I. -I.. -DDIC_VERSION=102   -DMECAB_DEFAULT_RC="\"/usr/local/etc/mecabrc\""    -O3 -Wall  -c -o mecab.o mecab.cpp
/bin/bash ../libtool --tag=CXX   --mode=link g++  -O3 -Wall    -o mecab mecab.o libmecab.la -liconv -lpthread -lpthread  -lstdc++
libtool: link: g++ -O3 -Wall -o .libs/mecab mecab.o  ./.libs/libmecab.so -liconv -lpthread -lstdc++
make[2]: ディレクトリ `/home/iwabuchiken/ws/ws_eclipse/Mecab_eclipse/src' から出ます
Making all in man
make[2]: ディレクトリ `/home/iwabuchiken/ws/ws_eclipse/Mecab_eclipse/man' に入ります
make[2]: `all' に対して行うべき事はありません.
make[2]: ディレクトリ `/home/iwabuchiken/ws/ws_eclipse/Mecab_eclipse/man' から出ます
Making all in doc
make[2]: ディレクトリ `/home/iwabuchiken/ws/ws_eclipse/Mecab_eclipse/doc' に入ります
make[2]: `all' に対して行うべき事はありません.
make[2]: ディレクトリ `/home/iwabuchiken/ws/ws_eclipse/Mecab_eclipse/doc' から出ます
Making all in tests
make[2]: ディレクトリ `/home/iwabuchiken/ws/ws_eclipse/Mecab_eclipse/tests' に入ります
make[2]: `all' に対して行うべき事はありません.
make[2]: ディレクトリ `/home/iwabuchiken/ws/ws_eclipse/Mecab_eclipse/tests' から出ます
make[2]: ディレクトリ `/home/iwabuchiken/ws/ws_eclipse/Mecab_eclipse' に入ります
make[2]: ディレクトリ `/home/iwabuchiken/ws/ws_eclipse/Mecab_eclipse' から出ます
make[1]: ディレクトリ `/home/iwabuchiken/ws/ws_eclipse/Mecab_eclipse' から出ます
