make  all-recursive
make[1]: ディレクトリ `/home/iwabuchiken/ws/ws_eclipse/Mecab_eclipse' に入ります
Making all in src
make[2]: ディレクトリ `/home/iwabuchiken/ws/ws_eclipse/Mecab_eclipse/src' に入ります
make[2]: `all' に対して行うべき事はありません.
make[2]: ディレクトリ `/home/iwabuchiken/ws/ws_eclipse/Mecab_eclipse/src' から出ます
Making all in man
make[2]: ディレクトリ `/home/iwabuchiken/ws/ws_eclipse/Mecab_eclipse/man' に入ります
make[2]: `all' に対して行うべき事はありません.
make[2]: ディレクトリ `/home/iwabuchiken/ws/ws_eclipse/Mecab_eclipse/man' から出ます
Making all in doc
make[2]: ディレクトリ `/home/iwabuchiken/ws/ws_eclipse/Mecab_eclipse/doc' に入ります
make[2]: `all' に対して行うべき事はありません.
make[2]: ディレクトリ `/home/iwabuchiken/ws/ws_eclipse/Mecab_eclipse/doc' から出ます
Making all in tests
make[2]: ディレクトリ `/home/iwabuchiken/ws/ws_eclipse/Mecab_eclipse/tests' に入ります
make[2]: `all' に対して行うべき事はありません.
make[2]: ディレクトリ `/home/iwabuchiken/ws/ws_eclipse/Mecab_eclipse/tests' から出ます
make[2]: ディレクトリ `/home/iwabuchiken/ws/ws_eclipse/Mecab_eclipse' に入ります
make[2]: ディレクトリ `/home/iwabuchiken/ws/ws_eclipse/Mecab_eclipse' から出ます
make[1]: ディレクトリ `/home/iwabuchiken/ws/ws_eclipse/Mecab_eclipse' から出ます
